<?xml version="1.0" encoding="UTF-8"?>
<testsuite xmlns:xsi="http://www.w3.org/2001/XMLSchema-instance" xsi:schemaLocation="https://maven.apache.org/surefire/maven-surefire-plugin/xsd/surefire-test-report.xsd" name="CucumberRunner" time="17.774" tests="15" errors="0" skipped="0" failures="0">
  <properties>
[...]
</properties>
  <testcase name="Когда курсор переместили на элемент &quot;Застраховать себя&quot;" classname="Сценарий: Проверка заполнения всех полей" time="0.001"/>
  <testcase name="И дождались элемента &quot;Страхование путешественников&quot;" classname="Сценарий: Проверка заполнения всех полей" time="0"/>
  <testcase name="Тогда нажимаем на элемент &quot;Страхование путешественников&quot;" classname="Сценарий: Проверка заполнения всех полей" time="0"/>
  <testcase name="Когда заголовок имеет лик &quot;Страхование путешественников&quot;" classname="Сценарий: Проверка заполнения всех полей" time="0"/>
  <testcase name="Тогда кликаем на элемент &quot;Оформление&quot;" classname="Сценарий: Проверка заполнения всех полей" time="0"/>
  <testcase name="И переключаемся на соседнюю вкладку" classname="Сценарий: Проверка заполнения всех полей" time="0"/>
  <testcase name="Когда страница загрузится с интересующим нас тарифом &quot;Минимальная&quot;" classname="Сценарий: Проверка заполнения всех полей" time="0.001"/>
  <testcase name="Тогда выбираем тариф &quot;Минимальная&quot;" classname="Сценарий: Проверка заполнения всех полей" time="0"/>
  <testcase name="И нажимаем на &quot;Оформить&quot;" classname="Сценарий: Проверка заполнения всех полей" time="0"/>
  <testcase name="Когда заполняются поля:" classname="Сценарий: Проверка заполнения всех полей" time="0"/>
  <testcase name="И выбран пол &quot;женский&quot;" classname="Сценарий: Проверка заполнения всех полей" time="0"/>
  <testcase name="Тогда значения полей равны:" classname="Сценарий: Проверка заполнения всех полей" time="0"/>
  <testcase name="Когда оформляем" classname="Сценарий: Проверка заполнения всех полей" time="0"/>
  <testcase name="Тогда проверяем на наличие ошибки &quot;Заполнены не все обязательные поля&quot;" classname="Сценарий: Проверка заполнения всех полей" time="0"/>
  <testcase name="Сценарий: Проверка заполнения всех полей" classname="Сценарий: Проверка заполнения всех полей" time="1.074"/>
</testsuite>